<?xml version="1.0" encoding="UTF-8"?>
<testsuite xmlns:xsi="http://www.w3.org/2001/XMLSchema-instance" xsi:noNamespaceSchemaLocation="https://maven.apache.org/surefire/maven-surefire-plugin/xsd/surefire-test-report-3.0.xsd" version="3.0" name="com.liteblog.mapper.MapperSmokeTest" time="2.145" tests="1" errors="0" skipped="0" failures="0">
  <properties>
[...]
</properties>
  <testcase name="shouldLoadDefaultAdmin" classname="com.liteblog.mapper.MapperSmokeTest" time="0.519">
    <system-out><![CDATA[16:23:05.938 [main] INFO org.springframework.test.context.support.AnnotationConfigContextLoaderUtils -- Could not detect default configuration classes for test class [com.liteblog.mapper.MapperSmokeTest]: MapperSmokeTest does not declare any static, non-private, non-final, nested classes annotated with @Configuration.
16:23:05.991 [main] INFO org.springframework.boot.test.context.SpringBootTestContextBootstrapper -- Found @SpringBootConfiguration com.liteblog.BlogApplication for test class com.liteblog.mapper.MapperSmokeTest
16:23:05,880 |-INFO in ch.qos.logback.classic.LoggerContext[default] - This is logback-classic version 1.4.14
16:23:05,881 |-INFO in ch.qos.logback.classic.util.ContextInitializer@a8a8b75 - Here is a list of configurators discovered as a service, by rank: 
16:23:05,881 |-INFO in ch.qos.logback.classic.util.ContextInitializer@a8a8b75 -   org.springframework.boot.logging.logback.RootLogLevelConfigurator
16:23:05,881 |-INFO in ch.qos.logback.classic.util.ContextInitializer@a8a8b75 - They will be invoked in order until ExecutionStatus.DO_NOT_INVOKE_NEXT_IF_ANY is returned.
16:23:05,881 |-INFO in ch.qos.logback.classic.util.ContextInitializer@a8a8b75 - Constructed configurator of type class org.springframework.boot.logging.logback.RootLogLevelConfigurator
16:23:05,885 |-INFO in ch.qos.logback.classic.util.ContextInitializer@a8a8b75 - org.springframework.boot.logging.logback.RootLogLevelConfigurator.configure() call lasted 0 milliseconds. ExecutionStatus=INVOKE_NEXT_IF_ANY
16:23:05,885 |-INFO in ch.qos.logback.classic.util.ContextInitializer@a8a8b75 - Trying to configure with ch.qos.logback.classic.joran.SerializedModelConfigurator
16:23:05,886 |-INFO in ch.qos.logback.classic.util.ContextInitializer@a8a8b75 - Constructed configurator of type class ch.qos.logback.classic.joran.SerializedModelConfigurator
16:23:05,887 |-INFO in ch.qos.logback.classic.LoggerContext[default] - Could NOT find resource [logback-test.scmo]
16:23:05,887 |-INFO in ch.qos.logback.classic.LoggerContext[default] - Could NOT find resource [logback.scmo]
16:23:05,887 |-INFO in ch.qos.logback.classic.util.ContextInitializer@a8a8b75 - ch.qos.logback.classic.joran.SerializedModelConfigurator.configure() call lasted 1 milliseconds. ExecutionStatus=INVOKE_NEXT_IF_ANY
16:23:05,887 |-INFO in ch.qos.logback.classic.util.ContextInitializer@a8a8b75 - Trying to configure with ch.qos.logback.classic.util.DefaultJoranConfigurator
16:23:05,887 |-INFO in ch.qos.logback.classic.util.ContextInitializer@a8a8b75 - Constructed configurator of type class ch.qos.logback.classic.util.DefaultJoranConfigurator
16:23:05,887 |-INFO in ch.qos.logback.classic.LoggerContext[default] - Could NOT find resource [logback-test.xml]
16:23:05,887 |-INFO in ch.qos.logback.classic.LoggerContext[default] - Could NOT find resource [logback.xml]
16:23:05,887 |-INFO in ch.qos.logback.classic.util.ContextInitializer@a8a8b75 - ch.qos.logback.classic.util.DefaultJoranConfigurator.configure() call lasted 0 milliseconds. ExecutionStatus=INVOKE_NEXT_IF_ANY
16:23:05,887 |-INFO in ch.qos.logback.classic.util.ContextInitializer@a8a8b75 - Trying to configure with ch.qos.logback.classic.BasicConfigurator
16:23:05,888 |-INFO in ch.qos.logback.classic.util.ContextInitializer@a8a8b75 - Constructed configurator of type class ch.qos.logback.classic.BasicConfigurator
16:23:05,888 |-INFO in ch.qos.logback.classic.BasicConfigurator@75b21c3b - Setting up default configuration.
16:23:05,895 |-INFO in ch.qos.logback.classic.util.ContextInitializer@a8a8b75 - ch.qos.logback.classic.BasicConfigurator.configure() call lasted 7 milliseconds. ExecutionStatus=NEUTRAL
16:23:06,211 |-INFO in ch.qos.logback.core.model.processor.AppenderModelHandler - Processing appender named [CONSOLE]
16:23:06,211 |-INFO in ch.qos.logback.core.model.processor.AppenderModelHandler - About to instantiate appender of type [ch.qos.logback.core.ConsoleAppender]
16:23:06,213 |-INFO in ch.qos.logback.core.model.processor.ImplicitModelHandler - Assuming default type [ch.qos.logback.classic.encoder.PatternLayoutEncoder] for [encoder] property
16:23:06,218 |-WARN in ch.qos.logback.core.model.processor.AppenderModelHandler - Appender named [FILE] not referenced. Skipping further processing.
16:23:06,218 |-INFO in ch.qos.logback.classic.model.processor.RootLoggerModelHandler - Setting level of ROOT logger to INFO
16:23:06,218 |-INFO in ch.qos.logback.classic.jul.LevelChangePropagator@72be135f - Propagating INFO level on Logger[ROOT] onto the JUL framework
16:23:06,219 |-INFO in ch.qos.logback.core.model.processor.AppenderRefModelHandler - Attaching appender named [CONSOLE] to Logger[ROOT]
16:23:06,219 |-INFO in ch.qos.logback.core.model.processor.DefaultProcessor@155d1021 - End of configuration.
16:23:06,219 |-INFO in org.springframework.boot.logging.logback.SpringBootJoranConfigurator@4bd2f0dc - Registering current configuration as safe fallback point


  .   ____          _            __ _ _
 /\\ / ___'_ __ _ _(_)_ __  __ _ \ \ \ \
( ( )\___ | '_ | '_| | '_ \/ _` | \ \ \ \
 \\/  ___)| |_)| | | | | || (_| |  ) ) ) )
  '  |____| .__|_| |_|_| |_\__, | / / / /
 =========|_|==============|___/=/_/_/_/
 :: Spring Boot ::                (v3.2.2)

2026-01-26 16:23:06 [background-preinit] INFO  org.hibernate.validator.internal.util.Version - HV000001: Hibernate Validator 8.0.1.Final
2026-01-26 16:23:06 [main] INFO  com.liteblog.mapper.MapperSmokeTest - Starting MapperSmokeTest using Java 17.0.16 with PID 358561 (started by qinric in /home/qinric/dev/blog/blog-backend)
2026-01-26 16:23:06 [main] DEBUG com.liteblog.mapper.MapperSmokeTest - Running with Spring Boot v3.2.2, Spring v6.1.3
2026-01-26 16:23:06 [main] INFO  com.liteblog.mapper.MapperSmokeTest - The following 1 profile is active: "dev"
2026-01-26 16:23:06 [main] INFO  c.a.d.s.b.a.DruidDataSourceAutoConfigure - Init DruidDataSource
2026-01-26 16:23:06 [main] INFO  com.alibaba.druid.pool.DruidDataSource - {dataSource-1} inited
Logging initialized using 'class org.apache.ibatis.logging.stdout.StdOutImpl' adapter.
Use localhost address 
Get qinric-Nitro-AN515-58/127.0.1.1 network interface 
Get network interface info: null
Unable to get network interface for qinric-Nitro-AN515-58/127.0.1.1
Initialization Sequence datacenterId:1 workerId:11
 _ _   |_  _ _|_. ___ _ |    _ 
| | |\/|_)(_| | |_\  |_)||_|_\ 
     /               |         
                        3.5.6 
2026-01-26 16:23:07 [main] INFO  com.liteblog.mapper.MapperSmokeTest - Started MapperSmokeTest in 1.41 seconds (process running for 1.913)
Creating a new SqlSession
SqlSession [org.apache.ibatis.session.defaults.DefaultSqlSession@3a69014e] was not registered for synchronization because synchronization is not active
JDBC Connection [com.alibaba.druid.pool.DruidStatementConnection@3cf70afa] will not be managed by Spring
==>  Preparing: SELECT id,username,password,created_at FROM admin WHERE id=?
==> Parameters: 1(Integer)
<==    Columns: id, username, password, created_at
<==        Row: 1, admin, $2a$10$N.zmdr9k7uOCQb376NoUnuTJ8iAt6Z5EHsM8lE9lBOsl7iKfOW.jC, 2026-01-26 15:07:21
<==      Total: 1
Closing non transactional SqlSession [org.apache.ibatis.session.defaults.DefaultSqlSession@3a69014e]
]]></system-out>
  </testcase>
</testsuite>